<?xml version="1.0" encoding="UTF-8"?>
<!-- Generated by org.testng.reporters.JUnitReportReporter -->
<testsuite hostname="LAPTOP-KI46K08O" failures="0" tests="2" name="com.tests.TestRunner" time="19.494" errors="0" timestamp="2022-08-19T10:34:41 IST" skipped="0">
  <testcase classname="com.tests.TestRunner" name="runScenario" time="11.436"/>
  <system-out/>
  <testcase classname="com.tests.TestRunner" name="runScenario" time="8.058"/>
  <system-out/>
</testsuite> <!-- com.tests.TestRunner -->
