<?xml version="1.0" encoding="UTF-8"?>
<!-- Generated by org.testng.reporters.JUnitReportReporter -->
<testsuite hostname="LAPTOP-KI46K08O" failures="0" tests="1" name="com.tests.TestRunner_ActiTime" time="18.612" errors="0" timestamp="2022-08-19T17:22:47 IST" skipped="0">
  <testcase classname="com.tests.TestRunner_ActiTime" name="runScenario" time="18.612"/>
  <system-out/>
</testsuite> <!-- com.tests.TestRunner_ActiTime -->
