<?xml version="1.0" encoding="UTF-8"?>
<!-- Generated by org.testng.reporters.JUnitReportReporter -->
<testsuite hostname="LAPTOP-KI46K08O" failures="0" tests="4" name="test_Runners.SauceLabsTest" time="16.228" errors="0" timestamp="2022-08-23T10:24:53 IST" skipped="0">
  <testcase classname="test_Runners.SauceLabsTest" name="runScenario" time="6.999"/>
  <system-out/>
  <testcase classname="test_Runners.SauceLabsTest" name="runScenario" time="1.966"/>
  <system-out/>
  <testcase classname="test_Runners.SauceLabsTest" name="runScenario" time="5.297"/>
  <system-out/>
  <testcase classname="test_Runners.SauceLabsTest" name="runScenario" time="1.966"/>
  <system-out/>
</testsuite> <!-- test_Runners.SauceLabsTest -->
