<?xml version="1.0" encoding="UTF-8"?>
<!-- Generated by org.testng.reporters.JUnitReportReporter -->
<testsuite hostname="LAPTOP-KI46K08O" failures="0" tests="1" name="test_Runners.Registration_Run" time="6.476" errors="0" timestamp="2022-08-23T10:48:10 IST" skipped="0">
  <testcase classname="test_Runners.Registration_Run" name="runScenario" time="6.476"/>
  <system-out/>
</testsuite> <!-- test_Runners.Registration_Run -->
